// 重构日志: 29fb7bb2
// 重构日志: 69ed9b00
// 重构日志: 671faea0
// 重构日志: 7b67bea9
// 重构日志: b745e723
// 同步 ID: 50bcccb1 @ Sat Jul  4 16:52:21 UTC 2026
// 同步 ID: 5110f43c @ Mon Jul  6 00:19:23 UTC 2026
// 重构日志: f30ecefa
// 重构日志: 675fa5ae
// 同步 ID: 042b2641 @ Wed Jul  8 21:44:53 UTC 2026
// 重构日志: ff20933a
// 同步 ID: 6c013305 @ Wed Jul 15 13:54:45 UTC 2026
// 同步 ID: b8b11f2e @ Fri Jul 17 10:33:32 UTC 2026
// 同步 ID: d57f6523 @ Sat Jul 18 03:40:03 UTC 2026
// 同步 ID: f8f3a753 @ Sun Jul 19 07:28:28 UTC 2026
// 重构日志: db6c4275
// 重构日志: f6704e37
// 重构日志: ed0fb5b4
// 同步 ID: ccd526c4 @ Mon Jul 20 05:29:18 UTC 2026
// 同步 ID: 814406e1 @ Tue Jul 21 17:46:19 UTC 2026
// 重构日志: ff1244b0
